[2023-03-09 21:01:23:496][Test worker] INFO  o.s.b.t.c.SpringBootTestContextBootstrapper - Neither @ContextConfiguration nor @ContextHierarchy found for test class [com.mapshot.api.MapShotApiApplicationTests], using SpringBootContextLoader
[2023-03-09 21:01:23:510][Test worker] INFO  o.s.t.c.s.AbstractContextLoader - Could not detect default resource locations for test class [com.mapshot.api.MapShotApiApplicationTests]: no resource found for suffixes {-context.xml, Context.groovy}.
[2023-03-09 21:01:23:512][Test worker] INFO  o.s.t.c.s.AnnotationConfigContextLoaderUtils - Could not detect default configuration classes for test class [com.mapshot.api.MapShotApiApplicationTests]: MapShotApiApplicationTests does not declare any static, non-private, non-final, nested classes annotated with @Configuration.
[2023-03-09 21:01:23:715][Test worker] INFO  o.s.b.t.c.SpringBootTestContextBootstrapper - Found @SpringBootConfiguration com.mapshot.api.MapShotApiApplication for test class com.mapshot.api.MapShotApiApplicationTests
[2023-03-09 21:01:24:919][Test worker] INFO  o.s.b.t.c.SpringBootTestContextBootstrapper - Loaded default TestExecutionListener class names from location [META-INF/spring.factories]: [org.springframework.test.context.web.ServletTestExecutionListener, org.springframework.test.context.support.DirtiesContextBeforeModesTestExecutionListener, org.springframework.test.context.event.ApplicationEventsTestExecutionListener, org.springframework.test.context.support.DependencyInjectionTestExecutionListener, org.springframework.test.context.support.DirtiesContextTestExecutionListener, org.springframework.test.context.transaction.TransactionalTestExecutionListener, org.springframework.test.context.jdbc.SqlScriptsTestExecutionListener, org.springframework.test.context.event.EventPublishingTestExecutionListener, org.springframework.boot.test.autoconfigure.restdocs.RestDocsTestExecutionListener, org.springframework.boot.test.autoconfigure.web.client.MockRestServiceServerResetTestExecutionListener, org.springframework.boot.test.autoconfigure.web.servlet.MockMvcPrintOnlyOnFailureTestExecutionListener, org.springframework.boot.test.autoconfigure.web.servlet.WebDriverTestExecutionListener, org.springframework.boot.test.autoconfigure.webservices.client.MockWebServiceServerTestExecutionListener, org.springframework.boot.test.mock.mockito.MockitoTestExecutionListener, org.springframework.boot.test.mock.mockito.ResetMocksTestExecutionListener]
[2023-03-09 21:01:24:954][Test worker] INFO  o.s.b.t.c.SpringBootTestContextBootstrapper - Using TestExecutionListeners: [org.springframework.test.context.web.ServletTestExecutionListener@6d2d99fc, org.springframework.test.context.support.DirtiesContextBeforeModesTestExecutionListener@bdecc21, org.springframework.test.context.event.ApplicationEventsTestExecutionListener@5e3a39cd, org.springframework.boot.test.mock.mockito.MockitoTestExecutionListener@21f9277b, org.springframework.boot.test.autoconfigure.SpringBootDependencyInjectionTestExecutionListener@201aa8c1, org.springframework.test.context.support.DirtiesContextTestExecutionListener@5d58c727, org.springframework.test.context.transaction.TransactionalTestExecutionListener@52a36910, org.springframework.test.context.jdbc.SqlScriptsTestExecutionListener@3a095ec0, org.springframework.test.context.event.EventPublishingTestExecutionListener@4f20a5e0, org.springframework.boot.test.autoconfigure.restdocs.RestDocsTestExecutionListener@54da32dc, org.springframework.boot.test.autoconfigure.web.client.MockRestServiceServerResetTestExecutionListener@1d782abe, org.springframework.boot.test.autoconfigure.web.servlet.MockMvcPrintOnlyOnFailureTestExecutionListener@6df7988f, org.springframework.boot.test.autoconfigure.web.servlet.WebDriverTestExecutionListener@27b22f74, org.springframework.boot.test.autoconfigure.webservices.client.MockWebServiceServerTestExecutionListener@22fba58c, org.springframework.boot.test.mock.mockito.ResetMocksTestExecutionListener@7e8a46b7]
[2023-03-09 21:01:24:1760][Test worker] INFO  c.m.api.MapShotApiApplicationTests - Starting MapShotApiApplicationTests using Java 11.0.14.1 on DESKTOP-1IEATUL with PID 8364 (started by THE-LEE in C:\Users\THE-LEE\Desktop\mapshot-api)
[2023-03-09 21:01:24:1762][Test worker] INFO  c.m.api.MapShotApiApplicationTests - No active profile set, falling back to 1 default profile: "default"
[2023-03-09 21:01:24:1798][background-preinit] INFO  o.h.validator.internal.util.Version - HV000001: Hibernate Validator 6.2.3.Final
[2023-03-09 21:01:26:3303][Test worker] INFO  o.s.d.r.c.RepositoryConfigurationDelegate - Bootstrapping Spring Data JPA repositories in DEFAULT mode.
[2023-03-09 21:01:26:3709][Test worker] INFO  o.s.d.r.c.RepositoryConfigurationDelegate - Finished Spring Data repository scanning in 380 ms. Found 1 JPA repository interfaces.
[2023-03-09 21:01:28:4981][Test worker] INFO  o.h.jpa.internal.util.LogHelper - HHH000204: Processing PersistenceUnitInfo [name: default]
[2023-03-09 21:01:28:5119][Test worker] INFO  org.hibernate.Version - HHH000412: Hibernate ORM core version 5.6.7.Final
[2023-03-09 21:01:28:5494][Test worker] INFO  o.h.annotations.common.Version - HCANN000001: Hibernate Commons Annotations {5.1.2.Final}
[2023-03-09 21:01:28:5747][Test worker] INFO  com.zaxxer.hikari.HikariDataSource - HikariPool-1 - Starting...
[2023-03-09 21:01:28:5792][Test worker] INFO  o.s.b.a.l.ConditionEvaluationReportLoggingListener - 

Error starting ApplicationContext. To display the conditions report re-run your application with 'debug' enabled.
[2023-03-09 21:01:29:6030][Test worker] INFO  o.s.b.t.c.SpringBootTestContextBootstrapper - Neither @ContextConfiguration nor @ContextHierarchy found for test class [com.mapshot.api.image.controller.ProxyControllerTest], using SpringBootContextLoader
[2023-03-09 21:01:29:6034][Test worker] INFO  o.s.t.c.s.AbstractContextLoader - Could not detect default resource locations for test class [com.mapshot.api.image.controller.ProxyControllerTest]: no resource found for suffixes {-context.xml, Context.groovy}.
[2023-03-09 21:01:29:6035][Test worker] INFO  o.s.t.c.s.AnnotationConfigContextLoaderUtils - Could not detect default configuration classes for test class [com.mapshot.api.image.controller.ProxyControllerTest]: ProxyControllerTest does not declare any static, non-private, non-final, nested classes annotated with @Configuration.
[2023-03-09 21:01:29:6073][Test worker] INFO  o.s.b.t.c.SpringBootTestContextBootstrapper - Found @SpringBootConfiguration com.mapshot.api.MapShotApiApplication for test class com.mapshot.api.image.controller.ProxyControllerTest
[2023-03-09 21:01:29:6075][Test worker] INFO  o.s.b.t.c.SpringBootTestContextBootstrapper - Loaded default TestExecutionListener class names from location [META-INF/spring.factories]: [org.springframework.test.context.web.ServletTestExecutionListener, org.springframework.test.context.support.DirtiesContextBeforeModesTestExecutionListener, org.springframework.test.context.event.ApplicationEventsTestExecutionListener, org.springframework.test.context.support.DependencyInjectionTestExecutionListener, org.springframework.test.context.support.DirtiesContextTestExecutionListener, org.springframework.test.context.transaction.TransactionalTestExecutionListener, org.springframework.test.context.jdbc.SqlScriptsTestExecutionListener, org.springframework.test.context.event.EventPublishingTestExecutionListener, org.springframework.boot.test.autoconfigure.restdocs.RestDocsTestExecutionListener, org.springframework.boot.test.autoconfigure.web.client.MockRestServiceServerResetTestExecutionListener, org.springframework.boot.test.autoconfigure.web.servlet.MockMvcPrintOnlyOnFailureTestExecutionListener, org.springframework.boot.test.autoconfigure.web.servlet.WebDriverTestExecutionListener, org.springframework.boot.test.autoconfigure.webservices.client.MockWebServiceServerTestExecutionListener, org.springframework.boot.test.mock.mockito.MockitoTestExecutionListener, org.springframework.boot.test.mock.mockito.ResetMocksTestExecutionListener]
[2023-03-09 21:01:29:6076][Test worker] INFO  o.s.b.t.c.SpringBootTestContextBootstrapper - Using TestExecutionListeners: [org.springframework.test.context.web.ServletTestExecutionListener@3e39f08c, org.springframework.test.context.support.DirtiesContextBeforeModesTestExecutionListener@16e07bae, org.springframework.test.context.event.ApplicationEventsTestExecutionListener@598778cc, org.springframework.boot.test.mock.mockito.MockitoTestExecutionListener@3386ed8, org.springframework.boot.test.autoconfigure.SpringBootDependencyInjectionTestExecutionListener@727453a3, org.springframework.test.context.support.DirtiesContextTestExecutionListener@67dc6b48, org.springframework.test.context.transaction.TransactionalTestExecutionListener@57f2e67, org.springframework.test.context.jdbc.SqlScriptsTestExecutionListener@4571cebe, org.springframework.test.context.event.EventPublishingTestExecutionListener@154864f8, org.springframework.boot.test.autoconfigure.restdocs.RestDocsTestExecutionListener@11cadb32, org.springframework.boot.test.autoconfigure.web.client.MockRestServiceServerResetTestExecutionListener@6d3ad37a, org.springframework.boot.test.autoconfigure.web.servlet.MockMvcPrintOnlyOnFailureTestExecutionListener@26f5e45d, org.springframework.boot.test.autoconfigure.web.servlet.WebDriverTestExecutionListener@704c3bdf, org.springframework.boot.test.autoconfigure.webservices.client.MockWebServiceServerTestExecutionListener@37986daf, org.springframework.boot.test.mock.mockito.ResetMocksTestExecutionListener@c82d925]
[2023-03-09 21:01:29:6198][Test worker] INFO  c.m.a.i.c.ProxyControllerTest - Starting ProxyControllerTest using Java 11.0.14.1 on DESKTOP-1IEATUL with PID 8364 (started by THE-LEE in C:\Users\THE-LEE\Desktop\mapshot-api)
[2023-03-09 21:01:29:6198][Test worker] INFO  c.m.a.i.c.ProxyControllerTest - No active profile set, falling back to 1 default profile: "default"
[2023-03-09 21:01:29:6724][Test worker] INFO  o.s.d.r.c.RepositoryConfigurationDelegate - Bootstrapping Spring Data JPA repositories in DEFAULT mode.
[2023-03-09 21:01:29:6792][Test worker] INFO  o.s.d.r.c.RepositoryConfigurationDelegate - Finished Spring Data repository scanning in 67 ms. Found 1 JPA repository interfaces.
[2023-03-09 21:01:31:7987][Test worker] INFO  o.h.jpa.internal.util.LogHelper - HHH000204: Processing PersistenceUnitInfo [name: default]
[2023-03-09 21:01:31:8011][Test worker] INFO  com.zaxxer.hikari.HikariDataSource - HikariPool-2 - Starting...
[2023-03-09 21:01:31:8023][Test worker] INFO  o.s.b.a.l.ConditionEvaluationReportLoggingListener - 

Error starting ApplicationContext. To display the conditions report re-run your application with 'debug' enabled.
[2023-03-09 21:01:31:8045][Test worker] INFO  o.s.b.t.c.SpringBootTestContextBootstrapper - Neither @ContextConfiguration nor @ContextHierarchy found for test class [com.mapshot.api.image.controller.StorageControllerTest], using SpringBootContextLoader
[2023-03-09 21:01:31:8051][Test worker] INFO  o.s.t.c.s.AbstractContextLoader - Could not detect default resource locations for test class [com.mapshot.api.image.controller.StorageControllerTest]: no resource found for suffixes {-context.xml, Context.groovy}.
[2023-03-09 21:01:31:8051][Test worker] INFO  o.s.t.c.s.AnnotationConfigContextLoaderUtils - Could not detect default configuration classes for test class [com.mapshot.api.image.controller.StorageControllerTest]: StorageControllerTest does not declare any static, non-private, non-final, nested classes annotated with @Configuration.
[2023-03-09 21:01:31:8062][Test worker] INFO  o.s.b.t.c.SpringBootTestContextBootstrapper - Found @SpringBootConfiguration com.mapshot.api.MapShotApiApplication for test class com.mapshot.api.image.controller.StorageControllerTest
[2023-03-09 21:01:31:8065][Test worker] INFO  o.s.b.t.c.SpringBootTestContextBootstrapper - Loaded default TestExecutionListener class names from location [META-INF/spring.factories]: [org.springframework.test.context.web.ServletTestExecutionListener, org.springframework.test.context.support.DirtiesContextBeforeModesTestExecutionListener, org.springframework.test.context.event.ApplicationEventsTestExecutionListener, org.springframework.test.context.support.DependencyInjectionTestExecutionListener, org.springframework.test.context.support.DirtiesContextTestExecutionListener, org.springframework.test.context.transaction.TransactionalTestExecutionListener, org.springframework.test.context.jdbc.SqlScriptsTestExecutionListener, org.springframework.test.context.event.EventPublishingTestExecutionListener, org.springframework.boot.test.autoconfigure.restdocs.RestDocsTestExecutionListener, org.springframework.boot.test.autoconfigure.web.client.MockRestServiceServerResetTestExecutionListener, org.springframework.boot.test.autoconfigure.web.servlet.MockMvcPrintOnlyOnFailureTestExecutionListener, org.springframework.boot.test.autoconfigure.web.servlet.WebDriverTestExecutionListener, org.springframework.boot.test.autoconfigure.webservices.client.MockWebServiceServerTestExecutionListener, org.springframework.boot.test.mock.mockito.MockitoTestExecutionListener, org.springframework.boot.test.mock.mockito.ResetMocksTestExecutionListener]
[2023-03-09 21:01:31:8066][Test worker] INFO  o.s.b.t.c.SpringBootTestContextBootstrapper - Using TestExecutionListeners: [org.springframework.test.context.web.ServletTestExecutionListener@1bcb8599, org.springframework.test.context.support.DirtiesContextBeforeModesTestExecutionListener@b671dda, org.springframework.test.context.event.ApplicationEventsTestExecutionListener@25b20860, org.springframework.boot.test.mock.mockito.MockitoTestExecutionListener@5ba63110, org.springframework.boot.test.autoconfigure.SpringBootDependencyInjectionTestExecutionListener@1c0680b0, org.springframework.test.context.support.DirtiesContextTestExecutionListener@2f3cd727, org.springframework.test.context.transaction.TransactionalTestExecutionListener@1af82ba8, org.springframework.test.context.jdbc.SqlScriptsTestExecutionListener@703cb756, org.springframework.test.context.event.EventPublishingTestExecutionListener@5897aae1, org.springframework.boot.test.autoconfigure.restdocs.RestDocsTestExecutionListener@11dbcb3b, org.springframework.boot.test.autoconfigure.web.client.MockRestServiceServerResetTestExecutionListener@4aa517c3, org.springframework.boot.test.autoconfigure.web.servlet.MockMvcPrintOnlyOnFailureTestExecutionListener@5f369fc6, org.springframework.boot.test.autoconfigure.web.servlet.WebDriverTestExecutionListener@3a13f663, org.springframework.boot.test.autoconfigure.webservices.client.MockWebServiceServerTestExecutionListener@75de7009, org.springframework.boot.test.mock.mockito.ResetMocksTestExecutionListener@17a77a7e]
[2023-03-09 21:01:31:8203][Test worker] INFO  c.m.a.i.c.StorageControllerTest - Starting StorageControllerTest using Java 11.0.14.1 on DESKTOP-1IEATUL with PID 8364 (started by THE-LEE in C:\Users\THE-LEE\Desktop\mapshot-api)
[2023-03-09 21:01:31:8203][Test worker] INFO  c.m.a.i.c.StorageControllerTest - No active profile set, falling back to 1 default profile: "default"
[2023-03-09 21:01:31:8712][Test worker] INFO  o.s.d.r.c.RepositoryConfigurationDelegate - Bootstrapping Spring Data JPA repositories in DEFAULT mode.
[2023-03-09 21:01:31:8780][Test worker] INFO  o.s.d.r.c.RepositoryConfigurationDelegate - Finished Spring Data repository scanning in 67 ms. Found 1 JPA repository interfaces.
[2023-03-09 21:01:32:9779][Test worker] INFO  io.undertow.servlet - Initializing Spring embedded WebApplicationContext
[2023-03-09 21:01:32:9781][Test worker] INFO  o.s.b.w.s.c.ServletWebServerApplicationContext - Root WebApplicationContext: initialization completed in 1572 ms
[2023-03-09 21:01:33:10162][Test worker] INFO  o.h.jpa.internal.util.LogHelper - HHH000204: Processing PersistenceUnitInfo [name: default]
[2023-03-09 21:01:33:10187][Test worker] INFO  com.zaxxer.hikari.HikariDataSource - HikariPool-3 - Starting...
[2023-03-09 21:01:33:10196][Test worker] INFO  o.s.b.a.l.ConditionEvaluationReportLoggingListener - 

Error starting ApplicationContext. To display the conditions report re-run your application with 'debug' enabled.
[2023-03-09 21:01:33:10345][Test worker] INFO  c.m.a.i.c.StorageControllerTest - Starting StorageControllerTest using Java 11.0.14.1 on DESKTOP-1IEATUL with PID 8364 (started by THE-LEE in C:\Users\THE-LEE\Desktop\mapshot-api)
[2023-03-09 21:01:33:10346][Test worker] INFO  c.m.a.i.c.StorageControllerTest - No active profile set, falling back to 1 default profile: "default"
[2023-03-09 21:01:34:10808][Test worker] INFO  o.s.d.r.c.RepositoryConfigurationDelegate - Bootstrapping Spring Data JPA repositories in DEFAULT mode.
[2023-03-09 21:01:34:10874][Test worker] INFO  o.s.d.r.c.RepositoryConfigurationDelegate - Finished Spring Data repository scanning in 65 ms. Found 1 JPA repository interfaces.
[2023-03-09 21:01:34:11319][Test worker] INFO  io.undertow.servlet - Initializing Spring embedded WebApplicationContext
[2023-03-09 21:01:34:11320][Test worker] INFO  o.s.b.w.s.c.ServletWebServerApplicationContext - Root WebApplicationContext: initialization completed in 968 ms
[2023-03-09 21:01:34:11561][Test worker] INFO  o.h.jpa.internal.util.LogHelper - HHH000204: Processing PersistenceUnitInfo [name: default]
[2023-03-09 21:01:34:11583][Test worker] INFO  com.zaxxer.hikari.HikariDataSource - HikariPool-4 - Starting...
[2023-03-09 21:01:34:11592][Test worker] INFO  o.s.b.a.l.ConditionEvaluationReportLoggingListener - 

Error starting ApplicationContext. To display the conditions report re-run your application with 'debug' enabled.
[2023-03-09 21:01:34:11750][Test worker] INFO  c.m.a.i.c.StorageControllerTest - Starting StorageControllerTest using Java 11.0.14.1 on DESKTOP-1IEATUL with PID 8364 (started by THE-LEE in C:\Users\THE-LEE\Desktop\mapshot-api)
[2023-03-09 21:01:34:11751][Test worker] INFO  c.m.a.i.c.StorageControllerTest - No active profile set, falling back to 1 default profile: "default"
[2023-03-09 21:01:35:12422][Test worker] INFO  o.s.d.r.c.RepositoryConfigurationDelegate - Bootstrapping Spring Data JPA repositories in DEFAULT mode.
[2023-03-09 21:01:36:12822][Test worker] INFO  o.s.d.r.c.RepositoryConfigurationDelegate - Finished Spring Data repository scanning in 399 ms. Found 1 JPA repository interfaces.
[2023-03-09 21:01:37:13948][Test worker] INFO  io.undertow.servlet - Initializing Spring embedded WebApplicationContext
[2023-03-09 21:01:37:13950][Test worker] INFO  o.s.b.w.s.c.ServletWebServerApplicationContext - Root WebApplicationContext: initialization completed in 2193 ms
[2023-03-09 21:01:37:14176][Test worker] INFO  o.h.jpa.internal.util.LogHelper - HHH000204: Processing PersistenceUnitInfo [name: default]
[2023-03-09 21:01:37:14203][Test worker] INFO  com.zaxxer.hikari.HikariDataSource - HikariPool-5 - Starting...
[2023-03-09 21:01:37:14214][Test worker] INFO  o.s.b.a.l.ConditionEvaluationReportLoggingListener - 

Error starting ApplicationContext. To display the conditions report re-run your application with 'debug' enabled.
[2023-03-09 21:01:37:14328][Test worker] INFO  c.m.a.i.c.StorageControllerTest - Starting StorageControllerTest using Java 11.0.14.1 on DESKTOP-1IEATUL with PID 8364 (started by THE-LEE in C:\Users\THE-LEE\Desktop\mapshot-api)
[2023-03-09 21:01:37:14329][Test worker] INFO  c.m.a.i.c.StorageControllerTest - No active profile set, falling back to 1 default profile: "default"
[2023-03-09 21:01:37:14738][Test worker] INFO  o.s.d.r.c.RepositoryConfigurationDelegate - Bootstrapping Spring Data JPA repositories in DEFAULT mode.
[2023-03-09 21:01:38:14808][Test worker] INFO  o.s.d.r.c.RepositoryConfigurationDelegate - Finished Spring Data repository scanning in 70 ms. Found 1 JPA repository interfaces.
[2023-03-09 21:01:38:15268][Test worker] INFO  io.undertow.servlet - Initializing Spring embedded WebApplicationContext
[2023-03-09 21:01:38:15268][Test worker] INFO  o.s.b.w.s.c.ServletWebServerApplicationContext - Root WebApplicationContext: initialization completed in 933 ms
[2023-03-09 21:01:38:15517][Test worker] INFO  o.h.jpa.internal.util.LogHelper - HHH000204: Processing PersistenceUnitInfo [name: default]
[2023-03-09 21:01:38:15540][Test worker] INFO  com.zaxxer.hikari.HikariDataSource - HikariPool-6 - Starting...
[2023-03-09 21:01:38:15549][Test worker] INFO  o.s.b.a.l.ConditionEvaluationReportLoggingListener - 

Error starting ApplicationContext. To display the conditions report re-run your application with 'debug' enabled.
[2023-03-09 21:01:39:15836][Test worker] INFO  o.s.b.t.c.SpringBootTestContextBootstrapper - Neither @ContextConfiguration nor @ContextHierarchy found for test class [com.mapshot.api.notice.controller.NoticeControllerTest], using SpringBootContextLoader
[2023-03-09 21:01:39:15839][Test worker] INFO  o.s.t.c.s.AbstractContextLoader - Could not detect default resource locations for test class [com.mapshot.api.notice.controller.NoticeControllerTest]: no resource found for suffixes {-context.xml, Context.groovy}.
[2023-03-09 21:01:39:15839][Test worker] INFO  o.s.t.c.s.AnnotationConfigContextLoaderUtils - Could not detect default configuration classes for test class [com.mapshot.api.notice.controller.NoticeControllerTest]: NoticeControllerTest does not declare any static, non-private, non-final, nested classes annotated with @Configuration.
[2023-03-09 21:01:39:15861][Test worker] INFO  o.s.b.t.c.SpringBootTestContextBootstrapper - Found @SpringBootConfiguration com.mapshot.api.MapShotApiApplication for test class com.mapshot.api.notice.controller.NoticeControllerTest
[2023-03-09 21:01:39:15862][Test worker] INFO  o.s.b.t.c.SpringBootTestContextBootstrapper - Loaded default TestExecutionListener class names from location [META-INF/spring.factories]: [org.springframework.test.context.web.ServletTestExecutionListener, org.springframework.test.context.support.DirtiesContextBeforeModesTestExecutionListener, org.springframework.test.context.event.ApplicationEventsTestExecutionListener, org.springframework.test.context.support.DependencyInjectionTestExecutionListener, org.springframework.test.context.support.DirtiesContextTestExecutionListener, org.springframework.test.context.transaction.TransactionalTestExecutionListener, org.springframework.test.context.jdbc.SqlScriptsTestExecutionListener, org.springframework.test.context.event.EventPublishingTestExecutionListener, org.springframework.boot.test.autoconfigure.restdocs.RestDocsTestExecutionListener, org.springframework.boot.test.autoconfigure.web.client.MockRestServiceServerResetTestExecutionListener, org.springframework.boot.test.autoconfigure.web.servlet.MockMvcPrintOnlyOnFailureTestExecutionListener, org.springframework.boot.test.autoconfigure.web.servlet.WebDriverTestExecutionListener, org.springframework.boot.test.autoconfigure.webservices.client.MockWebServiceServerTestExecutionListener, org.springframework.boot.test.mock.mockito.MockitoTestExecutionListener, org.springframework.boot.test.mock.mockito.ResetMocksTestExecutionListener]
[2023-03-09 21:01:39:15863][Test worker] INFO  o.s.b.t.c.SpringBootTestContextBootstrapper - Using TestExecutionListeners: [org.springframework.test.context.web.ServletTestExecutionListener@3180131e, org.springframework.test.context.support.DirtiesContextBeforeModesTestExecutionListener@62376bdd, org.springframework.test.context.event.ApplicationEventsTestExecutionListener@3b8a063d, org.springframework.boot.test.mock.mockito.MockitoTestExecutionListener@3a36da5e, org.springframework.boot.test.autoconfigure.SpringBootDependencyInjectionTestExecutionListener@b1f36e5, org.springframework.test.context.support.DirtiesContextTestExecutionListener@52afcdd8, org.springframework.test.context.transaction.TransactionalTestExecutionListener@397f925e, org.springframework.test.context.jdbc.SqlScriptsTestExecutionListener@35975b05, org.springframework.test.context.event.EventPublishingTestExecutionListener@474deb4c, org.springframework.boot.test.autoconfigure.restdocs.RestDocsTestExecutionListener@6ba02f70, org.springframework.boot.test.autoconfigure.web.client.MockRestServiceServerResetTestExecutionListener@2e88ad38, org.springframework.boot.test.autoconfigure.web.servlet.MockMvcPrintOnlyOnFailureTestExecutionListener@2148849f, org.springframework.boot.test.autoconfigure.web.servlet.WebDriverTestExecutionListener@9771c71, org.springframework.boot.test.autoconfigure.webservices.client.MockWebServiceServerTestExecutionListener@63c66980, org.springframework.boot.test.mock.mockito.ResetMocksTestExecutionListener@8cce9ad]
[2023-03-09 21:01:39:16060][Test worker] INFO  c.m.a.n.c.NoticeControllerTest - Starting NoticeControllerTest using Java 11.0.14.1 on DESKTOP-1IEATUL with PID 8364 (started by THE-LEE in C:\Users\THE-LEE\Desktop\mapshot-api)
[2023-03-09 21:01:39:16061][Test worker] INFO  c.m.a.n.c.NoticeControllerTest - No active profile set, falling back to 1 default profile: "default"
[2023-03-09 21:01:39:16468][Test worker] INFO  o.s.d.r.c.RepositoryConfigurationDelegate - Bootstrapping Spring Data JPA repositories in DEFAULT mode.
[2023-03-09 21:01:39:16525][Test worker] INFO  o.s.d.r.c.RepositoryConfigurationDelegate - Finished Spring Data repository scanning in 56 ms. Found 1 JPA repository interfaces.
[2023-03-09 21:01:40:16853][Test worker] INFO  o.h.jpa.internal.util.LogHelper - HHH000204: Processing PersistenceUnitInfo [name: default]
[2023-03-09 21:01:40:16876][Test worker] INFO  com.zaxxer.hikari.HikariDataSource - HikariPool-7 - Starting...
[2023-03-09 21:01:40:16884][Test worker] INFO  o.s.b.a.l.ConditionEvaluationReportLoggingListener - 

Error starting ApplicationContext. To display the conditions report re-run your application with 'debug' enabled.
[2023-03-09 21:01:40:16986][Test worker] INFO  c.m.a.n.c.NoticeControllerTest - Starting NoticeControllerTest using Java 11.0.14.1 on DESKTOP-1IEATUL with PID 8364 (started by THE-LEE in C:\Users\THE-LEE\Desktop\mapshot-api)
[2023-03-09 21:01:40:16987][Test worker] INFO  c.m.a.n.c.NoticeControllerTest - No active profile set, falling back to 1 default profile: "default"
[2023-03-09 21:01:40:17433][Test worker] INFO  o.s.d.r.c.RepositoryConfigurationDelegate - Bootstrapping Spring Data JPA repositories in DEFAULT mode.
[2023-03-09 21:01:40:17494][Test worker] INFO  o.s.d.r.c.RepositoryConfigurationDelegate - Finished Spring Data repository scanning in 60 ms. Found 1 JPA repository interfaces.
[2023-03-09 21:01:41:17839][Test worker] INFO  o.h.jpa.internal.util.LogHelper - HHH000204: Processing PersistenceUnitInfo [name: default]
[2023-03-09 21:01:41:17862][Test worker] INFO  com.zaxxer.hikari.HikariDataSource - HikariPool-8 - Starting...
[2023-03-09 21:01:41:17872][Test worker] INFO  o.s.b.a.l.ConditionEvaluationReportLoggingListener - 

Error starting ApplicationContext. To display the conditions report re-run your application with 'debug' enabled.
[2023-03-09 21:01:41:17884][Test worker] INFO  o.s.b.t.c.SpringBootTestContextBootstrapper - Neither @ContextConfiguration nor @ContextHierarchy found for test class [com.mapshot.api.notice.service.NoticeServiceTest], using SpringBootContextLoader
[2023-03-09 21:01:41:17887][Test worker] INFO  o.s.t.c.s.AbstractContextLoader - Could not detect default resource locations for test class [com.mapshot.api.notice.service.NoticeServiceTest]: no resource found for suffixes {-context.xml, Context.groovy}.
[2023-03-09 21:01:41:17887][Test worker] INFO  o.s.t.c.s.AnnotationConfigContextLoaderUtils - Could not detect default configuration classes for test class [com.mapshot.api.notice.service.NoticeServiceTest]: NoticeServiceTest does not declare any static, non-private, non-final, nested classes annotated with @Configuration.
[2023-03-09 21:01:41:17902][Test worker] INFO  o.s.b.t.c.SpringBootTestContextBootstrapper - Found @SpringBootConfiguration com.mapshot.api.MapShotApiApplication for test class com.mapshot.api.notice.service.NoticeServiceTest
[2023-03-09 21:01:41:17904][Test worker] INFO  o.s.b.t.c.SpringBootTestContextBootstrapper - Loaded default TestExecutionListener class names from location [META-INF/spring.factories]: [org.springframework.test.context.web.ServletTestExecutionListener, org.springframework.test.context.support.DirtiesContextBeforeModesTestExecutionListener, org.springframework.test.context.event.ApplicationEventsTestExecutionListener, org.springframework.test.context.support.DependencyInjectionTestExecutionListener, org.springframework.test.context.support.DirtiesContextTestExecutionListener, org.springframework.test.context.transaction.TransactionalTestExecutionListener, org.springframework.test.context.jdbc.SqlScriptsTestExecutionListener, org.springframework.test.context.event.EventPublishingTestExecutionListener, org.springframework.boot.test.autoconfigure.restdocs.RestDocsTestExecutionListener, org.springframework.boot.test.autoconfigure.web.client.MockRestServiceServerResetTestExecutionListener, org.springframework.boot.test.autoconfigure.web.servlet.MockMvcPrintOnlyOnFailureTestExecutionListener, org.springframework.boot.test.autoconfigure.web.servlet.WebDriverTestExecutionListener, org.springframework.boot.test.autoconfigure.webservices.client.MockWebServiceServerTestExecutionListener, org.springframework.boot.test.mock.mockito.MockitoTestExecutionListener, org.springframework.boot.test.mock.mockito.ResetMocksTestExecutionListener]
[2023-03-09 21:01:41:17905][Test worker] INFO  o.s.b.t.c.SpringBootTestContextBootstrapper - Using TestExecutionListeners: [org.springframework.test.context.web.ServletTestExecutionListener@640028f2, org.springframework.test.context.support.DirtiesContextBeforeModesTestExecutionListener@48b744fd, org.springframework.test.context.event.ApplicationEventsTestExecutionListener@2ef3efcc, org.springframework.boot.test.mock.mockito.MockitoTestExecutionListener@60655642, org.springframework.boot.test.autoconfigure.SpringBootDependencyInjectionTestExecutionListener@5c7b504, org.springframework.test.context.support.DirtiesContextTestExecutionListener@772589ed, org.springframework.test.context.transaction.TransactionalTestExecutionListener@4619854a, org.springframework.test.context.jdbc.SqlScriptsTestExecutionListener@c040c8d, org.springframework.test.context.event.EventPublishingTestExecutionListener@3453f79c, org.springframework.boot.test.autoconfigure.restdocs.RestDocsTestExecutionListener@6f627a1a, org.springframework.boot.test.autoconfigure.web.client.MockRestServiceServerResetTestExecutionListener@655b9169, org.springframework.boot.test.autoconfigure.web.servlet.MockMvcPrintOnlyOnFailureTestExecutionListener@4917992b, org.springframework.boot.test.autoconfigure.web.servlet.WebDriverTestExecutionListener@62536882, org.springframework.boot.test.autoconfigure.webservices.client.MockWebServiceServerTestExecutionListener@1e9d6c78, org.springframework.boot.test.mock.mockito.ResetMocksTestExecutionListener@27f4761b]
[2023-03-09 21:01:41:17980][Test worker] INFO  c.m.a.n.service.NoticeServiceTest - Starting NoticeServiceTest using Java 11.0.14.1 on DESKTOP-1IEATUL with PID 8364 (started by THE-LEE in C:\Users\THE-LEE\Desktop\mapshot-api)
[2023-03-09 21:01:41:17980][Test worker] INFO  c.m.a.n.service.NoticeServiceTest - No active profile set, falling back to 1 default profile: "default"
[2023-03-09 21:01:41:18295][Test worker] INFO  o.s.d.r.c.RepositoryConfigurationDelegate - Bootstrapping Spring Data JPA repositories in DEFAULT mode.
[2023-03-09 21:01:41:18361][Test worker] INFO  o.s.d.r.c.RepositoryConfigurationDelegate - Finished Spring Data repository scanning in 65 ms. Found 1 JPA repository interfaces.
[2023-03-09 21:01:41:18713][Test worker] INFO  o.h.jpa.internal.util.LogHelper - HHH000204: Processing PersistenceUnitInfo [name: default]
[2023-03-09 21:01:41:18738][Test worker] INFO  com.zaxxer.hikari.HikariDataSource - HikariPool-9 - Starting...
[2023-03-09 21:01:41:18745][Test worker] INFO  o.s.b.a.l.ConditionEvaluationReportLoggingListener - 

Error starting ApplicationContext. To display the conditions report re-run your application with 'debug' enabled.
[2023-03-09 21:01:42:18861][Test worker] INFO  c.m.a.n.service.NoticeServiceTest - Starting NoticeServiceTest using Java 11.0.14.1 on DESKTOP-1IEATUL with PID 8364 (started by THE-LEE in C:\Users\THE-LEE\Desktop\mapshot-api)
[2023-03-09 21:01:42:18861][Test worker] INFO  c.m.a.n.service.NoticeServiceTest - No active profile set, falling back to 1 default profile: "default"
[2023-03-09 21:01:42:19217][Test worker] INFO  o.s.d.r.c.RepositoryConfigurationDelegate - Bootstrapping Spring Data JPA repositories in DEFAULT mode.
[2023-03-09 21:01:42:19277][Test worker] INFO  o.s.d.r.c.RepositoryConfigurationDelegate - Finished Spring Data repository scanning in 58 ms. Found 1 JPA repository interfaces.
[2023-03-09 21:01:42:19559][Test worker] INFO  o.h.jpa.internal.util.LogHelper - HHH000204: Processing PersistenceUnitInfo [name: default]
[2023-03-09 21:01:42:19579][Test worker] INFO  com.zaxxer.hikari.HikariDataSource - HikariPool-10 - Starting...
[2023-03-09 21:01:42:19588][Test worker] INFO  o.s.b.a.l.ConditionEvaluationReportLoggingListener - 

Error starting ApplicationContext. To display the conditions report re-run your application with 'debug' enabled.
[2023-03-09 21:01:42:19663][Test worker] INFO  c.m.a.n.service.NoticeServiceTest - Starting NoticeServiceTest using Java 11.0.14.1 on DESKTOP-1IEATUL with PID 8364 (started by THE-LEE in C:\Users\THE-LEE\Desktop\mapshot-api)
[2023-03-09 21:01:42:19664][Test worker] INFO  c.m.a.n.service.NoticeServiceTest - No active profile set, falling back to 1 default profile: "default"
[2023-03-09 21:01:43:20027][Test worker] INFO  o.s.d.r.c.RepositoryConfigurationDelegate - Bootstrapping Spring Data JPA repositories in DEFAULT mode.
[2023-03-09 21:01:43:20091][Test worker] INFO  o.s.d.r.c.RepositoryConfigurationDelegate - Finished Spring Data repository scanning in 63 ms. Found 1 JPA repository interfaces.
[2023-03-09 21:01:43:20380][Test worker] INFO  o.h.jpa.internal.util.LogHelper - HHH000204: Processing PersistenceUnitInfo [name: default]
[2023-03-09 21:01:43:20400][Test worker] INFO  com.zaxxer.hikari.HikariDataSource - HikariPool-11 - Starting...
[2023-03-09 21:01:43:20406][Test worker] INFO  o.s.b.a.l.ConditionEvaluationReportLoggingListener - 

Error starting ApplicationContext. To display the conditions report re-run your application with 'debug' enabled.
[2023-03-09 21:01:43:20521][Test worker] INFO  c.m.a.n.service.NoticeServiceTest - Starting NoticeServiceTest using Java 11.0.14.1 on DESKTOP-1IEATUL with PID 8364 (started by THE-LEE in C:\Users\THE-LEE\Desktop\mapshot-api)
[2023-03-09 21:01:43:20521][Test worker] INFO  c.m.a.n.service.NoticeServiceTest - No active profile set, falling back to 1 default profile: "default"
[2023-03-09 21:01:44:20911][Test worker] INFO  o.s.d.r.c.RepositoryConfigurationDelegate - Bootstrapping Spring Data JPA repositories in DEFAULT mode.
[2023-03-09 21:01:44:20969][Test worker] INFO  o.s.d.r.c.RepositoryConfigurationDelegate - Finished Spring Data repository scanning in 57 ms. Found 1 JPA repository interfaces.
[2023-03-09 21:01:44:21258][Test worker] INFO  o.h.jpa.internal.util.LogHelper - HHH000204: Processing PersistenceUnitInfo [name: default]
[2023-03-09 21:01:44:21275][Test worker] INFO  com.zaxxer.hikari.HikariDataSource - HikariPool-12 - Starting...
[2023-03-09 21:01:44:21284][Test worker] INFO  o.s.b.a.l.ConditionEvaluationReportLoggingListener - 

Error starting ApplicationContext. To display the conditions report re-run your application with 'debug' enabled.
[2023-03-09 21:01:44:21371][Test worker] INFO  c.m.a.n.service.NoticeServiceTest - Starting NoticeServiceTest using Java 11.0.14.1 on DESKTOP-1IEATUL with PID 8364 (started by THE-LEE in C:\Users\THE-LEE\Desktop\mapshot-api)
[2023-03-09 21:01:44:21371][Test worker] INFO  c.m.a.n.service.NoticeServiceTest - No active profile set, falling back to 1 default profile: "default"
[2023-03-09 21:01:44:21652][Test worker] INFO  o.s.d.r.c.RepositoryConfigurationDelegate - Bootstrapping Spring Data JPA repositories in DEFAULT mode.
[2023-03-09 21:01:44:21704][Test worker] INFO  o.s.d.r.c.RepositoryConfigurationDelegate - Finished Spring Data repository scanning in 51 ms. Found 1 JPA repository interfaces.
[2023-03-09 21:01:45:21962][Test worker] INFO  o.h.jpa.internal.util.LogHelper - HHH000204: Processing PersistenceUnitInfo [name: default]
[2023-03-09 21:01:45:21979][Test worker] INFO  com.zaxxer.hikari.HikariDataSource - HikariPool-13 - Starting...
[2023-03-09 21:01:45:21987][Test worker] INFO  o.s.b.a.l.ConditionEvaluationReportLoggingListener - 

Error starting ApplicationContext. To display the conditions report re-run your application with 'debug' enabled.
[2023-03-09 21:01:45:22055][Test worker] INFO  c.m.a.n.service.NoticeServiceTest - Starting NoticeServiceTest using Java 11.0.14.1 on DESKTOP-1IEATUL with PID 8364 (started by THE-LEE in C:\Users\THE-LEE\Desktop\mapshot-api)
[2023-03-09 21:01:45:22055][Test worker] INFO  c.m.a.n.service.NoticeServiceTest - No active profile set, falling back to 1 default profile: "default"
[2023-03-09 21:01:45:22346][Test worker] INFO  o.s.d.r.c.RepositoryConfigurationDelegate - Bootstrapping Spring Data JPA repositories in DEFAULT mode.
[2023-03-09 21:01:45:22403][Test worker] INFO  o.s.d.r.c.RepositoryConfigurationDelegate - Finished Spring Data repository scanning in 56 ms. Found 1 JPA repository interfaces.
[2023-03-09 21:01:45:22668][Test worker] INFO  o.h.jpa.internal.util.LogHelper - HHH000204: Processing PersistenceUnitInfo [name: default]
[2023-03-09 21:01:45:22685][Test worker] INFO  com.zaxxer.hikari.HikariDataSource - HikariPool-14 - Starting...
[2023-03-09 21:01:45:22690][Test worker] INFO  o.s.b.a.l.ConditionEvaluationReportLoggingListener - 

Error starting ApplicationContext. To display the conditions report re-run your application with 'debug' enabled.
[2023-03-09 21:01:45:22768][Test worker] INFO  c.m.a.n.service.NoticeServiceTest - Starting NoticeServiceTest using Java 11.0.14.1 on DESKTOP-1IEATUL with PID 8364 (started by THE-LEE in C:\Users\THE-LEE\Desktop\mapshot-api)
[2023-03-09 21:01:45:22769][Test worker] INFO  c.m.a.n.service.NoticeServiceTest - No active profile set, falling back to 1 default profile: "default"
[2023-03-09 21:01:46:23061][Test worker] INFO  o.s.d.r.c.RepositoryConfigurationDelegate - Bootstrapping Spring Data JPA repositories in DEFAULT mode.
[2023-03-09 21:01:46:23112][Test worker] INFO  o.s.d.r.c.RepositoryConfigurationDelegate - Finished Spring Data repository scanning in 50 ms. Found 1 JPA repository interfaces.
[2023-03-09 21:01:46:23371][Test worker] INFO  o.h.jpa.internal.util.LogHelper - HHH000204: Processing PersistenceUnitInfo [name: default]
[2023-03-09 21:01:46:23391][Test worker] INFO  com.zaxxer.hikari.HikariDataSource - HikariPool-15 - Starting...
[2023-03-09 21:01:46:23400][Test worker] INFO  o.s.b.a.l.ConditionEvaluationReportLoggingListener - 

Error starting ApplicationContext. To display the conditions report re-run your application with 'debug' enabled.
[2023-03-09 21:01:46:23472][Test worker] INFO  c.m.a.n.service.NoticeServiceTest - Starting NoticeServiceTest using Java 11.0.14.1 on DESKTOP-1IEATUL with PID 8364 (started by THE-LEE in C:\Users\THE-LEE\Desktop\mapshot-api)
[2023-03-09 21:01:46:23472][Test worker] INFO  c.m.a.n.service.NoticeServiceTest - No active profile set, falling back to 1 default profile: "default"
[2023-03-09 21:01:47:23816][Test worker] INFO  o.s.d.r.c.RepositoryConfigurationDelegate - Bootstrapping Spring Data JPA repositories in DEFAULT mode.
[2023-03-09 21:01:47:23874][Test worker] INFO  o.s.d.r.c.RepositoryConfigurationDelegate - Finished Spring Data repository scanning in 56 ms. Found 1 JPA repository interfaces.
[2023-03-09 21:01:47:24130][Test worker] INFO  o.h.jpa.internal.util.LogHelper - HHH000204: Processing PersistenceUnitInfo [name: default]
[2023-03-09 21:01:47:24153][Test worker] INFO  com.zaxxer.hikari.HikariDataSource - HikariPool-16 - Starting...
[2023-03-09 21:01:47:24159][Test worker] INFO  o.s.b.a.l.ConditionEvaluationReportLoggingListener - 

Error starting ApplicationContext. To display the conditions report re-run your application with 'debug' enabled.
[2023-03-09 21:01:47:24271][Test worker] INFO  c.m.a.n.service.NoticeServiceTest - Starting NoticeServiceTest using Java 11.0.14.1 on DESKTOP-1IEATUL with PID 8364 (started by THE-LEE in C:\Users\THE-LEE\Desktop\mapshot-api)
[2023-03-09 21:01:47:24272][Test worker] INFO  c.m.a.n.service.NoticeServiceTest - No active profile set, falling back to 1 default profile: "default"
[2023-03-09 21:01:47:24570][Test worker] INFO  o.s.d.r.c.RepositoryConfigurationDelegate - Bootstrapping Spring Data JPA repositories in DEFAULT mode.
[2023-03-09 21:01:47:24619][Test worker] INFO  o.s.d.r.c.RepositoryConfigurationDelegate - Finished Spring Data repository scanning in 48 ms. Found 1 JPA repository interfaces.
[2023-03-09 21:01:48:24934][Test worker] INFO  o.h.jpa.internal.util.LogHelper - HHH000204: Processing PersistenceUnitInfo [name: default]
[2023-03-09 21:01:48:24950][Test worker] INFO  com.zaxxer.hikari.HikariDataSource - HikariPool-17 - Starting...
[2023-03-09 21:01:48:24955][Test worker] INFO  o.s.b.a.l.ConditionEvaluationReportLoggingListener - 

Error starting ApplicationContext. To display the conditions report re-run your application with 'debug' enabled.
[2023-03-09 21:02:29:487][Test worker] INFO  o.s.b.t.c.SpringBootTestContextBootstrapper - Neither @ContextConfiguration nor @ContextHierarchy found for test class [com.mapshot.api.MapShotApiApplicationTests], using SpringBootContextLoader
[2023-03-09 21:02:29:499][Test worker] INFO  o.s.t.c.s.AbstractContextLoader - Could not detect default resource locations for test class [com.mapshot.api.MapShotApiApplicationTests]: no resource found for suffixes {-context.xml, Context.groovy}.
[2023-03-09 21:02:29:500][Test worker] INFO  o.s.t.c.s.AnnotationConfigContextLoaderUtils - Could not detect default configuration classes for test class [com.mapshot.api.MapShotApiApplicationTests]: MapShotApiApplicationTests does not declare any static, non-private, non-final, nested classes annotated with @Configuration.
[2023-03-09 21:02:29:750][Test worker] INFO  o.s.b.t.c.SpringBootTestContextBootstrapper - Found @SpringBootConfiguration com.mapshot.api.MapShotApiApplication for test class com.mapshot.api.MapShotApiApplicationTests
[2023-03-09 21:02:29:947][Test worker] INFO  o.s.b.t.c.SpringBootTestContextBootstrapper - Loaded default TestExecutionListener class names from location [META-INF/spring.factories]: [org.springframework.test.context.web.ServletTestExecutionListener, org.springframework.test.context.support.DirtiesContextBeforeModesTestExecutionListener, org.springframework.test.context.event.ApplicationEventsTestExecutionListener, org.springframework.test.context.support.DependencyInjectionTestExecutionListener, org.springframework.test.context.support.DirtiesContextTestExecutionListener, org.springframework.test.context.transaction.TransactionalTestExecutionListener, org.springframework.test.context.jdbc.SqlScriptsTestExecutionListener, org.springframework.test.context.event.EventPublishingTestExecutionListener, org.springframework.boot.test.autoconfigure.restdocs.RestDocsTestExecutionListener, org.springframework.boot.test.autoconfigure.web.client.MockRestServiceServerResetTestExecutionListener, org.springframework.boot.test.autoconfigure.web.servlet.MockMvcPrintOnlyOnFailureTestExecutionListener, org.springframework.boot.test.autoconfigure.web.servlet.WebDriverTestExecutionListener, org.springframework.boot.test.autoconfigure.webservices.client.MockWebServiceServerTestExecutionListener, org.springframework.boot.test.mock.mockito.MockitoTestExecutionListener, org.springframework.boot.test.mock.mockito.ResetMocksTestExecutionListener]
[2023-03-09 21:02:29:982][Test worker] INFO  o.s.b.t.c.SpringBootTestContextBootstrapper - Using TestExecutionListeners: [org.springframework.test.context.web.ServletTestExecutionListener@6d2d99fc, org.springframework.test.context.support.DirtiesContextBeforeModesTestExecutionListener@bdecc21, org.springframework.test.context.event.ApplicationEventsTestExecutionListener@5e3a39cd, org.springframework.boot.test.mock.mockito.MockitoTestExecutionListener@21f9277b, org.springframework.boot.test.autoconfigure.SpringBootDependencyInjectionTestExecutionListener@201aa8c1, org.springframework.test.context.support.DirtiesContextTestExecutionListener@5d58c727, org.springframework.test.context.transaction.TransactionalTestExecutionListener@52a36910, org.springframework.test.context.jdbc.SqlScriptsTestExecutionListener@3a095ec0, org.springframework.test.context.event.EventPublishingTestExecutionListener@4f20a5e0, org.springframework.boot.test.autoconfigure.restdocs.RestDocsTestExecutionListener@54da32dc, org.springframework.boot.test.autoconfigure.web.client.MockRestServiceServerResetTestExecutionListener@1d782abe, org.springframework.boot.test.autoconfigure.web.servlet.MockMvcPrintOnlyOnFailureTestExecutionListener@6df7988f, org.springframework.boot.test.autoconfigure.web.servlet.WebDriverTestExecutionListener@27b22f74, org.springframework.boot.test.autoconfigure.webservices.client.MockWebServiceServerTestExecutionListener@22fba58c, org.springframework.boot.test.mock.mockito.ResetMocksTestExecutionListener@7e8a46b7]
[2023-03-09 21:02:30:1787][Test worker] INFO  c.m.api.MapShotApiApplicationTests - Starting MapShotApiApplicationTests using Java 11.0.14.1 on DESKTOP-1IEATUL with PID 5876 (started by THE-LEE in C:\Users\THE-LEE\Desktop\mapshot-api)
[2023-03-09 21:02:30:1788][Test worker] INFO  c.m.api.MapShotApiApplicationTests - No active profile set, falling back to 1 default profile: "default"
[2023-03-09 21:02:30:1831][background-preinit] INFO  o.h.validator.internal.util.Version - HV000001: Hibernate Validator 6.2.3.Final
[2023-03-09 21:02:32:3324][Test worker] INFO  o.s.d.r.c.RepositoryConfigurationDelegate - Bootstrapping Spring Data JPA repositories in DEFAULT mode.
[2023-03-09 21:02:32:3724][Test worker] INFO  o.s.d.r.c.RepositoryConfigurationDelegate - Finished Spring Data repository scanning in 377 ms. Found 1 JPA repository interfaces.
[2023-03-09 21:02:33:5001][Test worker] INFO  o.h.jpa.internal.util.LogHelper - HHH000204: Processing PersistenceUnitInfo [name: default]
[2023-03-09 21:02:33:5136][Test worker] INFO  org.hibernate.Version - HHH000412: Hibernate ORM core version 5.6.7.Final
[2023-03-09 21:02:34:5532][Test worker] INFO  o.h.annotations.common.Version - HCANN000001: Hibernate Commons Annotations {5.1.2.Final}
[2023-03-09 21:02:34:5777][Test worker] INFO  com.zaxxer.hikari.HikariDataSource - HikariPool-1 - Starting...
[2023-03-09 21:02:34:5950][Test worker] INFO  com.zaxxer.hikari.HikariDataSource - HikariPool-1 - Start completed.
[2023-03-09 21:02:34:6019][Test worker] INFO  org.hibernate.dialect.Dialect - HHH000400: Using dialect: org.hibernate.dialect.MariaDB103Dialect
[2023-03-09 21:02:36:7341][Test worker] INFO  o.h.e.t.j.p.i.JtaPlatformInitiator - HHH000490: Using JtaPlatform implementation: [org.hibernate.engine.transaction.jta.platform.internal.NoJtaPlatform]
[2023-03-09 21:02:36:7370][Test worker] INFO  o.s.o.j.LocalContainerEntityManagerFactoryBean - Initialized JPA EntityManagerFactory for persistence unit 'default'
[2023-03-09 21:02:39:10388][Test worker] INFO  c.m.api.MapShotApiApplicationTests - Started MapShotApiApplicationTests in 9.332 seconds (JVM running for 12.45)
[2023-03-09 21:02:39:10885][Test worker] INFO  o.s.b.t.c.SpringBootTestContextBootstrapper - Neither @ContextConfiguration nor @ContextHierarchy found for test class [com.mapshot.api.image.controller.ProxyControllerTest], using SpringBootContextLoader
[2023-03-09 21:02:39:10887][Test worker] INFO  o.s.t.c.s.AbstractContextLoader - Could not detect default resource locations for test class [com.mapshot.api.image.controller.ProxyControllerTest]: no resource found for suffixes {-context.xml, Context.groovy}.
[2023-03-09 21:02:39:10888][Test worker] INFO  o.s.t.c.s.AnnotationConfigContextLoaderUtils - Could not detect default configuration classes for test class [com.mapshot.api.image.controller.ProxyControllerTest]: ProxyControllerTest does not declare any static, non-private, non-final, nested classes annotated with @Configuration.
[2023-03-09 21:02:39:10925][Test worker] INFO  o.s.b.t.c.SpringBootTestContextBootstrapper - Found @SpringBootConfiguration com.mapshot.api.MapShotApiApplication for test class com.mapshot.api.image.controller.ProxyControllerTest
[2023-03-09 21:02:39:10928][Test worker] INFO  o.s.b.t.c.SpringBootTestContextBootstrapper - Loaded default TestExecutionListener class names from location [META-INF/spring.factories]: [org.springframework.test.context.web.ServletTestExecutionListener, org.springframework.test.context.support.DirtiesContextBeforeModesTestExecutionListener, org.springframework.test.context.event.ApplicationEventsTestExecutionListener, org.springframework.test.context.support.DependencyInjectionTestExecutionListener, org.springframework.test.context.support.DirtiesContextTestExecutionListener, org.springframework.test.context.transaction.TransactionalTestExecutionListener, org.springframework.test.context.jdbc.SqlScriptsTestExecutionListener, org.springframework.test.context.event.EventPublishingTestExecutionListener, org.springframework.boot.test.autoconfigure.restdocs.RestDocsTestExecutionListener, org.springframework.boot.test.autoconfigure.web.client.MockRestServiceServerResetTestExecutionListener, org.springframework.boot.test.autoconfigure.web.servlet.MockMvcPrintOnlyOnFailureTestExecutionListener, org.springframework.boot.test.autoconfigure.web.servlet.WebDriverTestExecutionListener, org.springframework.boot.test.autoconfigure.webservices.client.MockWebServiceServerTestExecutionListener, org.springframework.boot.test.mock.mockito.MockitoTestExecutionListener, org.springframework.boot.test.mock.mockito.ResetMocksTestExecutionListener]
[2023-03-09 21:02:39:10928][Test worker] INFO  o.s.b.t.c.SpringBootTestContextBootstrapper - Using TestExecutionListeners: [org.springframework.test.context.web.ServletTestExecutionListener@12f933c7, org.springframework.test.context.support.DirtiesContextBeforeModesTestExecutionListener@156d7556, org.springframework.test.context.event.ApplicationEventsTestExecutionListener@531bfe4b, org.springframework.boot.test.mock.mockito.MockitoTestExecutionListener@2c8f7d6a, org.springframework.boot.test.autoconfigure.SpringBootDependencyInjectionTestExecutionListener@77331437, org.springframework.test.context.support.DirtiesContextTestExecutionListener@98a0842, org.springframework.test.context.transaction.TransactionalTestExecutionListener@56f569e, org.springframework.test.context.jdbc.SqlScriptsTestExecutionListener@525c0f74, org.springframework.test.context.event.EventPublishingTestExecutionListener@3da12ba4, org.springframework.boot.test.autoconfigure.restdocs.RestDocsTestExecutionListener@64b0ec4a, org.springframework.boot.test.autoconfigure.web.client.MockRestServiceServerResetTestExecutionListener@1b949de4, org.springframework.boot.test.autoconfigure.web.servlet.MockMvcPrintOnlyOnFailureTestExecutionListener@2981064d, org.springframework.boot.test.autoconfigure.web.servlet.WebDriverTestExecutionListener@1dc9e4d2, org.springframework.boot.test.autoconfigure.webservices.client.MockWebServiceServerTestExecutionListener@7ef8899d, org.springframework.boot.test.mock.mockito.ResetMocksTestExecutionListener@41bc501b]
[2023-03-09 21:02:39:10999][Test worker] INFO  c.m.a.i.c.ProxyControllerTest - Starting ProxyControllerTest using Java 11.0.14.1 on DESKTOP-1IEATUL with PID 5876 (started by THE-LEE in C:\Users\THE-LEE\Desktop\mapshot-api)
[2023-03-09 21:02:39:10999][Test worker] INFO  c.m.a.i.c.ProxyControllerTest - No active profile set, falling back to 1 default profile: "default"
[2023-03-09 21:02:40:11500][Test worker] INFO  o.s.d.r.c.RepositoryConfigurationDelegate - Bootstrapping Spring Data JPA repositories in DEFAULT mode.
[2023-03-09 21:02:40:11555][Test worker] INFO  o.s.d.r.c.RepositoryConfigurationDelegate - Finished Spring Data repository scanning in 54 ms. Found 1 JPA repository interfaces.
[2023-03-09 21:02:40:12123][Test worker] INFO  o.h.jpa.internal.util.LogHelper - HHH000204: Processing PersistenceUnitInfo [name: default]
[2023-03-09 21:02:40:12145][Test worker] INFO  com.zaxxer.hikari.HikariDataSource - HikariPool-2 - Starting...
[2023-03-09 21:02:40:12182][Test worker] INFO  com.zaxxer.hikari.HikariDataSource - HikariPool-2 - Start completed.
[2023-03-09 21:02:40:12183][Test worker] INFO  org.hibernate.dialect.Dialect - HHH000400: Using dialect: org.hibernate.dialect.MariaDB103Dialect
[2023-03-09 21:02:40:12255][Test worker] INFO  o.h.e.t.j.p.i.JtaPlatformInitiator - HHH000490: Using JtaPlatform implementation: [org.hibernate.engine.transaction.jta.platform.internal.NoJtaPlatform]
[2023-03-09 21:02:40:12257][Test worker] INFO  o.s.o.j.LocalContainerEntityManagerFactoryBean - Initialized JPA EntityManagerFactory for persistence unit 'default'
[2023-03-09 21:02:42:13593][Test worker] INFO  o.s.b.t.m.w.SpringBootMockServletContext - Initializing Spring TestDispatcherServlet ''
[2023-03-09 21:02:42:13594][Test worker] INFO  o.s.t.w.s.TestDispatcherServlet - Initializing Servlet ''
[2023-03-09 21:02:42:13596][Test worker] INFO  o.s.t.w.s.TestDispatcherServlet - Completed initialization in 1 ms
[2023-03-09 21:02:42:13799][Test worker] INFO  c.m.a.i.c.ProxyControllerTest - Started ProxyControllerTest in 2.868 seconds (JVM running for 15.861)
[2023-03-09 21:02:43:14369][Test worker] INFO  o.s.b.t.c.SpringBootTestContextBootstrapper - Neither @ContextConfiguration nor @ContextHierarchy found for test class [com.mapshot.api.image.controller.StorageControllerTest], using SpringBootContextLoader
[2023-03-09 21:02:43:14372][Test worker] INFO  o.s.t.c.s.AbstractContextLoader - Could not detect default resource locations for test class [com.mapshot.api.image.controller.StorageControllerTest]: no resource found for suffixes {-context.xml, Context.groovy}.
[2023-03-09 21:02:43:14373][Test worker] INFO  o.s.t.c.s.AnnotationConfigContextLoaderUtils - Could not detect default configuration classes for test class [com.mapshot.api.image.controller.StorageControllerTest]: StorageControllerTest does not declare any static, non-private, non-final, nested classes annotated with @Configuration.
[2023-03-09 21:02:43:14380][Test worker] INFO  o.s.b.t.c.SpringBootTestContextBootstrapper - Found @SpringBootConfiguration com.mapshot.api.MapShotApiApplication for test class com.mapshot.api.image.controller.StorageControllerTest
[2023-03-09 21:02:43:14382][Test worker] INFO  o.s.b.t.c.SpringBootTestContextBootstrapper - Loaded default TestExecutionListener class names from location [META-INF/spring.factories]: [org.springframework.test.context.web.ServletTestExecutionListener, org.springframework.test.context.support.DirtiesContextBeforeModesTestExecutionListener, org.springframework.test.context.event.ApplicationEventsTestExecutionListener, org.springframework.test.context.support.DependencyInjectionTestExecutionListener, org.springframework.test.context.support.DirtiesContextTestExecutionListener, org.springframework.test.context.transaction.TransactionalTestExecutionListener, org.springframework.test.context.jdbc.SqlScriptsTestExecutionListener, org.springframework.test.context.event.EventPublishingTestExecutionListener, org.springframework.boot.test.autoconfigure.restdocs.RestDocsTestExecutionListener, org.springframework.boot.test.autoconfigure.web.client.MockRestServiceServerResetTestExecutionListener, org.springframework.boot.test.autoconfigure.web.servlet.MockMvcPrintOnlyOnFailureTestExecutionListener, org.springframework.boot.test.autoconfigure.web.servlet.WebDriverTestExecutionListener, org.springframework.boot.test.autoconfigure.webservices.client.MockWebServiceServerTestExecutionListener, org.springframework.boot.test.mock.mockito.MockitoTestExecutionListener, org.springframework.boot.test.mock.mockito.ResetMocksTestExecutionListener]
[2023-03-09 21:02:43:14382][Test worker] INFO  o.s.b.t.c.SpringBootTestContextBootstrapper - Using TestExecutionListeners: [org.springframework.test.context.web.ServletTestExecutionListener@5cb42eb2, org.springframework.test.context.support.DirtiesContextBeforeModesTestExecutionListener@2d05d022, org.springframework.test.context.event.ApplicationEventsTestExecutionListener@28806954, org.springframework.boot.test.mock.mockito.MockitoTestExecutionListener@7ff26b29, org.springframework.boot.test.autoconfigure.SpringBootDependencyInjectionTestExecutionListener@24e0bdb, org.springframework.test.context.support.DirtiesContextTestExecutionListener@1495f70, org.springframework.test.context.transaction.TransactionalTestExecutionListener@2aa85cc4, org.springframework.test.context.jdbc.SqlScriptsTestExecutionListener@466fd19b, org.springframework.test.context.event.EventPublishingTestExecutionListener@348d1a5e, org.springframework.boot.test.autoconfigure.restdocs.RestDocsTestExecutionListener@7f746160, org.springframework.boot.test.autoconfigure.web.client.MockRestServiceServerResetTestExecutionListener@17524c36, org.springframework.boot.test.autoconfigure.web.servlet.MockMvcPrintOnlyOnFailureTestExecutionListener@2f89b44e, org.springframework.boot.test.autoconfigure.web.servlet.WebDriverTestExecutionListener@730a140b, org.springframework.boot.test.autoconfigure.webservices.client.MockWebServiceServerTestExecutionListener@2f29046b, org.springframework.boot.test.mock.mockito.ResetMocksTestExecutionListener@2a1fce44]
[2023-03-09 21:02:43:14453][Test worker] INFO  c.m.a.i.c.StorageControllerTest - Starting StorageControllerTest using Java 11.0.14.1 on DESKTOP-1IEATUL with PID 5876 (started by THE-LEE in C:\Users\THE-LEE\Desktop\mapshot-api)
[2023-03-09 21:02:43:14454][Test worker] INFO  c.m.a.i.c.StorageControllerTest - No active profile set, falling back to 1 default profile: "default"
[2023-03-09 21:02:43:14888][Test worker] INFO  o.s.d.r.c.RepositoryConfigurationDelegate - Bootstrapping Spring Data JPA repositories in DEFAULT mode.
[2023-03-09 21:02:43:14949][Test worker] INFO  o.s.d.r.c.RepositoryConfigurationDelegate - Finished Spring Data repository scanning in 59 ms. Found 1 JPA repository interfaces.
[2023-03-09 21:02:44:15549][Test worker] INFO  io.undertow.servlet - Initializing Spring embedded WebApplicationContext
[2023-03-09 21:02:44:15549][Test worker] INFO  o.s.b.w.s.c.ServletWebServerApplicationContext - Root WebApplicationContext: initialization completed in 1087 ms
[2023-03-09 21:02:44:15883][Test worker] INFO  o.h.jpa.internal.util.LogHelper - HHH000204: Processing PersistenceUnitInfo [name: default]
[2023-03-09 21:02:44:15902][Test worker] INFO  com.zaxxer.hikari.HikariDataSource - HikariPool-3 - Starting...
[2023-03-09 21:02:44:15933][Test worker] INFO  com.zaxxer.hikari.HikariDataSource - HikariPool-3 - Start completed.
[2023-03-09 21:02:44:15933][Test worker] INFO  org.hibernate.dialect.Dialect - HHH000400: Using dialect: org.hibernate.dialect.MariaDB103Dialect
[2023-03-09 21:02:44:15987][Test worker] INFO  o.h.e.t.j.p.i.JtaPlatformInitiator - HHH000490: Using JtaPlatform implementation: [org.hibernate.engine.transaction.jta.platform.internal.NoJtaPlatform]
[2023-03-09 21:02:44:15988][Test worker] INFO  o.s.o.j.LocalContainerEntityManagerFactoryBean - Initialized JPA EntityManagerFactory for persistence unit 'default'
[2023-03-09 21:02:45:17071][Test worker] INFO  io.undertow.servlet - Initializing Spring TestDispatcherServlet ''
[2023-03-09 21:02:45:17071][Test worker] INFO  o.s.t.w.s.TestDispatcherServlet - Initializing Servlet ''
[2023-03-09 21:02:45:17074][Test worker] INFO  o.s.t.w.s.TestDispatcherServlet - Completed initialization in 2 ms
[2023-03-09 21:02:45:17166][Test worker] INFO  io.undertow - starting server: Undertow - 2.2.16.Final
[2023-03-09 21:02:45:17187][Test worker] INFO  org.xnio - XNIO version 3.8.6.Final
[2023-03-09 21:02:45:17216][Test worker] INFO  org.xnio.nio - XNIO NIO Implementation Version 3.8.6.Final
[2023-03-09 21:02:46:17385][Test worker] INFO  org.jboss.threads - JBoss Threads version 3.1.0.Final
[2023-03-09 21:02:46:17479][Test worker] INFO  o.s.b.w.e.u.UndertowWebServer - Undertow started on port(s) 51197 (http)
[2023-03-09 21:02:46:17485][Test worker] INFO  c.m.a.i.c.StorageControllerTest - Started StorageControllerTest in 3.099 seconds (JVM running for 19.547)
[2023-03-09 21:02:46:17744][Test worker] INFO  o.s.b.t.c.SpringBootTestContextBootstrapper - Neither @ContextConfiguration nor @ContextHierarchy found for test class [com.mapshot.api.notice.controller.NoticeControllerTest], using SpringBootContextLoader
[2023-03-09 21:02:46:17746][Test worker] INFO  o.s.t.c.s.AbstractContextLoader - Could not detect default resource locations for test class [com.mapshot.api.notice.controller.NoticeControllerTest]: no resource found for suffixes {-context.xml, Context.groovy}.
[2023-03-09 21:02:46:17746][Test worker] INFO  o.s.t.c.s.AnnotationConfigContextLoaderUtils - Could not detect default configuration classes for test class [com.mapshot.api.notice.controller.NoticeControllerTest]: NoticeControllerTest does not declare any static, non-private, non-final, nested classes annotated with @Configuration.
[2023-03-09 21:02:46:17764][Test worker] INFO  o.s.b.t.c.SpringBootTestContextBootstrapper - Found @SpringBootConfiguration com.mapshot.api.MapShotApiApplication for test class com.mapshot.api.notice.controller.NoticeControllerTest
[2023-03-09 21:02:46:17766][Test worker] INFO  o.s.b.t.c.SpringBootTestContextBootstrapper - Loaded default TestExecutionListener class names from location [META-INF/spring.factories]: [org.springframework.test.context.web.ServletTestExecutionListener, org.springframework.test.context.support.DirtiesContextBeforeModesTestExecutionListener, org.springframework.test.context.event.ApplicationEventsTestExecutionListener, org.springframework.test.context.support.DependencyInjectionTestExecutionListener, org.springframework.test.context.support.DirtiesContextTestExecutionListener, org.springframework.test.context.transaction.TransactionalTestExecutionListener, org.springframework.test.context.jdbc.SqlScriptsTestExecutionListener, org.springframework.test.context.event.EventPublishingTestExecutionListener, org.springframework.boot.test.autoconfigure.restdocs.RestDocsTestExecutionListener, org.springframework.boot.test.autoconfigure.web.client.MockRestServiceServerResetTestExecutionListener, org.springframework.boot.test.autoconfigure.web.servlet.MockMvcPrintOnlyOnFailureTestExecutionListener, org.springframework.boot.test.autoconfigure.web.servlet.WebDriverTestExecutionListener, org.springframework.boot.test.autoconfigure.webservices.client.MockWebServiceServerTestExecutionListener, org.springframework.boot.test.mock.mockito.MockitoTestExecutionListener, org.springframework.boot.test.mock.mockito.ResetMocksTestExecutionListener]
[2023-03-09 21:02:46:17766][Test worker] INFO  o.s.b.t.c.SpringBootTestContextBootstrapper - Using TestExecutionListeners: [org.springframework.test.context.web.ServletTestExecutionListener@4d462edc, org.springframework.test.context.support.DirtiesContextBeforeModesTestExecutionListener@312ddc51, org.springframework.test.context.event.ApplicationEventsTestExecutionListener@330f3046, org.springframework.boot.test.mock.mockito.MockitoTestExecutionListener@37a2d18c, org.springframework.boot.test.autoconfigure.SpringBootDependencyInjectionTestExecutionListener@4b6e296a, org.springframework.test.context.support.DirtiesContextTestExecutionListener@14feab02, org.springframework.test.context.transaction.TransactionalTestExecutionListener@5e3934db, org.springframework.test.context.jdbc.SqlScriptsTestExecutionListener@7f36b021, org.springframework.test.context.event.EventPublishingTestExecutionListener@45a9f3d4, org.springframework.boot.test.autoconfigure.restdocs.RestDocsTestExecutionListener@246ee6d8, org.springframework.boot.test.autoconfigure.web.client.MockRestServiceServerResetTestExecutionListener@33e69162, org.springframework.boot.test.autoconfigure.web.servlet.MockMvcPrintOnlyOnFailureTestExecutionListener@791b9887, org.springframework.boot.test.autoconfigure.web.servlet.WebDriverTestExecutionListener@7326f323, org.springframework.boot.test.autoconfigure.webservices.client.MockWebServiceServerTestExecutionListener@202d83b9, org.springframework.boot.test.mock.mockito.ResetMocksTestExecutionListener@27476b5f]
[2023-03-09 21:02:46:17824][Test worker] INFO  c.m.a.n.c.NoticeControllerTest - Starting NoticeControllerTest using Java 11.0.14.1 on DESKTOP-1IEATUL with PID 5876 (started by THE-LEE in C:\Users\THE-LEE\Desktop\mapshot-api)
[2023-03-09 21:02:46:17825][Test worker] INFO  c.m.a.n.c.NoticeControllerTest - No active profile set, falling back to 1 default profile: "default"
[2023-03-09 21:02:46:18285][Test worker] INFO  o.s.d.r.c.RepositoryConfigurationDelegate - Bootstrapping Spring Data JPA repositories in DEFAULT mode.
[2023-03-09 21:02:47:18361][Test worker] INFO  o.s.d.r.c.RepositoryConfigurationDelegate - Finished Spring Data repository scanning in 75 ms. Found 1 JPA repository interfaces.
[2023-03-09 21:02:47:18708][Test worker] INFO  o.h.jpa.internal.util.LogHelper - HHH000204: Processing PersistenceUnitInfo [name: default]
[2023-03-09 21:02:47:18734][Test worker] INFO  com.zaxxer.hikari.HikariDataSource - HikariPool-4 - Starting...
[2023-03-09 21:02:47:18778][Test worker] INFO  com.zaxxer.hikari.HikariDataSource - HikariPool-4 - Start completed.
[2023-03-09 21:02:47:18779][Test worker] INFO  org.hibernate.dialect.Dialect - HHH000400: Using dialect: org.hibernate.dialect.MariaDB103Dialect
[2023-03-09 21:02:47:18846][Test worker] INFO  o.h.e.t.j.p.i.JtaPlatformInitiator - HHH000490: Using JtaPlatform implementation: [org.hibernate.engine.transaction.jta.platform.internal.NoJtaPlatform]
[2023-03-09 21:02:47:18847][Test worker] INFO  o.s.o.j.LocalContainerEntityManagerFactoryBean - Initialized JPA EntityManagerFactory for persistence unit 'default'
[2023-03-09 21:02:48:20051][Test worker] INFO  o.s.b.t.m.w.SpringBootMockServletContext - Initializing Spring TestDispatcherServlet ''
[2023-03-09 21:02:48:20051][Test worker] INFO  o.s.t.w.s.TestDispatcherServlet - Initializing Servlet ''
[2023-03-09 21:02:48:20052][Test worker] INFO  o.s.t.w.s.TestDispatcherServlet - Completed initialization in 1 ms
[2023-03-09 21:02:48:20070][Test worker] INFO  c.m.a.n.c.NoticeControllerTest - Started NoticeControllerTest in 2.302 seconds (JVM running for 22.132)
[2023-03-09 21:02:49:20565][Test worker] INFO  o.s.b.t.c.SpringBootTestContextBootstrapper - Neither @ContextConfiguration nor @ContextHierarchy found for test class [com.mapshot.api.notice.service.NoticeServiceTest], using SpringBootContextLoader
[2023-03-09 21:02:49:20566][Test worker] INFO  o.s.t.c.s.AbstractContextLoader - Could not detect default resource locations for test class [com.mapshot.api.notice.service.NoticeServiceTest]: no resource found for suffixes {-context.xml, Context.groovy}.
[2023-03-09 21:02:49:20566][Test worker] INFO  o.s.t.c.s.AnnotationConfigContextLoaderUtils - Could not detect default configuration classes for test class [com.mapshot.api.notice.service.NoticeServiceTest]: NoticeServiceTest does not declare any static, non-private, non-final, nested classes annotated with @Configuration.
[2023-03-09 21:02:49:20578][Test worker] INFO  o.s.b.t.c.SpringBootTestContextBootstrapper - Found @SpringBootConfiguration com.mapshot.api.MapShotApiApplication for test class com.mapshot.api.notice.service.NoticeServiceTest
[2023-03-09 21:02:49:20579][Test worker] INFO  o.s.b.t.c.SpringBootTestContextBootstrapper - Loaded default TestExecutionListener class names from location [META-INF/spring.factories]: [org.springframework.test.context.web.ServletTestExecutionListener, org.springframework.test.context.support.DirtiesContextBeforeModesTestExecutionListener, org.springframework.test.context.event.ApplicationEventsTestExecutionListener, org.springframework.test.context.support.DependencyInjectionTestExecutionListener, org.springframework.test.context.support.DirtiesContextTestExecutionListener, org.springframework.test.context.transaction.TransactionalTestExecutionListener, org.springframework.test.context.jdbc.SqlScriptsTestExecutionListener, org.springframework.test.context.event.EventPublishingTestExecutionListener, org.springframework.boot.test.autoconfigure.restdocs.RestDocsTestExecutionListener, org.springframework.boot.test.autoconfigure.web.client.MockRestServiceServerResetTestExecutionListener, org.springframework.boot.test.autoconfigure.web.servlet.MockMvcPrintOnlyOnFailureTestExecutionListener, org.springframework.boot.test.autoconfigure.web.servlet.WebDriverTestExecutionListener, org.springframework.boot.test.autoconfigure.webservices.client.MockWebServiceServerTestExecutionListener, org.springframework.boot.test.mock.mockito.MockitoTestExecutionListener, org.springframework.boot.test.mock.mockito.ResetMocksTestExecutionListener]
[2023-03-09 21:02:49:20580][Test worker] INFO  o.s.b.t.c.SpringBootTestContextBootstrapper - Using TestExecutionListeners: [org.springframework.test.context.web.ServletTestExecutionListener@77d5c4c6, org.springframework.test.context.support.DirtiesContextBeforeModesTestExecutionListener@171a6fd1, org.springframework.test.context.event.ApplicationEventsTestExecutionListener@a929b6, org.springframework.boot.test.mock.mockito.MockitoTestExecutionListener@66ade539, org.springframework.boot.test.autoconfigure.SpringBootDependencyInjectionTestExecutionListener@3f07eede, org.springframework.test.context.support.DirtiesContextTestExecutionListener@7b276a08, org.springframework.test.context.transaction.TransactionalTestExecutionListener@328a1843, org.springframework.test.context.jdbc.SqlScriptsTestExecutionListener@3b07b706, org.springframework.test.context.event.EventPublishingTestExecutionListener@3b76dfa6, org.springframework.boot.test.autoconfigure.restdocs.RestDocsTestExecutionListener@7b4185ea, org.springframework.boot.test.autoconfigure.web.client.MockRestServiceServerResetTestExecutionListener@196bc2c1, org.springframework.boot.test.autoconfigure.web.servlet.MockMvcPrintOnlyOnFailureTestExecutionListener@1fd2f96d, org.springframework.boot.test.autoconfigure.web.servlet.WebDriverTestExecutionListener@12d49ede, org.springframework.boot.test.autoconfigure.webservices.client.MockWebServiceServerTestExecutionListener@65cd37bb, org.springframework.boot.test.mock.mockito.ResetMocksTestExecutionListener@22f79c09]
[2023-03-09 21:02:49:20974][SpringApplicationShutdownHook] INFO  o.s.o.j.LocalContainerEntityManagerFactoryBean - Closing JPA EntityManagerFactory for persistence unit 'default'
[2023-03-09 21:02:49:20977][SpringApplicationShutdownHook] INFO  com.zaxxer.hikari.HikariDataSource - HikariPool-1 - Shutdown initiated...
[2023-03-09 21:02:49:21034][SpringApplicationShutdownHook] INFO  com.zaxxer.hikari.HikariDataSource - HikariPool-1 - Shutdown completed.
[2023-03-09 21:02:49:21038][SpringApplicationShutdownHook] INFO  o.s.o.j.LocalContainerEntityManagerFactoryBean - Closing JPA EntityManagerFactory for persistence unit 'default'
[2023-03-09 21:02:49:21039][SpringApplicationShutdownHook] INFO  com.zaxxer.hikari.HikariDataSource - HikariPool-2 - Shutdown initiated...
[2023-03-09 21:02:49:21092][SpringApplicationShutdownHook] INFO  com.zaxxer.hikari.HikariDataSource - HikariPool-2 - Shutdown completed.
[2023-03-09 21:02:49:21096][SpringApplicationShutdownHook] INFO  io.undertow - stopping server: Undertow - 2.2.16.Final
[2023-03-09 21:02:49:21113][SpringApplicationShutdownHook] INFO  o.s.o.j.LocalContainerEntityManagerFactoryBean - Closing JPA EntityManagerFactory for persistence unit 'default'
[2023-03-09 21:02:49:21114][SpringApplicationShutdownHook] INFO  com.zaxxer.hikari.HikariDataSource - HikariPool-3 - Shutdown initiated...
[2023-03-09 21:02:49:21155][SpringApplicationShutdownHook] INFO  com.zaxxer.hikari.HikariDataSource - HikariPool-3 - Shutdown completed.
[2023-03-09 21:02:49:21158][SpringApplicationShutdownHook] INFO  o.s.o.j.LocalContainerEntityManagerFactoryBean - Closing JPA EntityManagerFactory for persistence unit 'default'
[2023-03-09 21:02:49:21159][SpringApplicationShutdownHook] INFO  com.zaxxer.hikari.HikariDataSource - HikariPool-4 - Shutdown initiated...
[2023-03-09 21:02:49:21198][SpringApplicationShutdownHook] INFO  com.zaxxer.hikari.HikariDataSource - HikariPool-4 - Shutdown completed.
